Arguments: 
  /Users/jussi/.nvm/versions/node/v6.11.3/bin/node /Users/jussi/.nvm/versions/node/v6.11.3/bin/yarn

PATH: 
  /Users/jussi/.nvm/versions/node/v6.11.3/bin:/Users/jussi/.rbenv/shims:/usr/local/bin:/usr/bin:/bin:/usr/sbin:/sbin

Yarn version: 
  1.1.0

Node version: 
  6.11.3

Platform: 
  darwin x64

npm manifest: 
  {
    "name": "ambev-pedida-de-hoje",
    "description": "Ambev - Pedida de hoje",
    "version": "1.0.43",
    "author": "Douglas \"Amarelo\" Lopes",
    "private": true,
    "dependencies": {
      "normalize.css": "^5.0.0",
    },
    "devDependencies": {
      "autoprefixer": "^6.3.6",
      "browser-sync": "^2.13.0",
      "css-mqpacker": "^5.0.1",
      "del": "~2.2.0",
      "gulp": "^3.9.1",
      "gulp-awspublish": "^3.3.0",
      "gulp-bump": "^2.5.1",
      "gulp-imagemin": "^3.0.1",
      "gulp-jshint": "^2.0.1",
      "gulp-load-plugins": "^1.2.4",
      "gulp-newer": "^1.2.0",
      "gulp-plumber": "^1.1.0",
      "gulp-postcss": "^6.1.1",
      "gulp-sass": "^2.3.2",
      "gulp-sass-lint": "^1.1.1",
      "gulp-sourcemaps": "^1.6.0",
      "gulp-util": "^3.0.7",
      "gulp-zip": "^3.2.0",
      "jshint": "^2.9.2",
      "jshint-stylish": "^2.2.0",
      "json-loader": "^0.5.4",
      "postcss-flexibility": "^1.0.3",
      "vinyl-named": "^1.1.0",
      "webpack-stream": "^3.2.0"
    }
  }

yarn manifest: 
  No manifest

Lockfile: 
  No lockfile

Trace: 
  SyntaxError: /Users/jussi/Documents/validador_club_member/package.json: Unexpected token } in JSON at position 215
      at Object.parse (native)
      at /Users/jussi/.nvm/versions/node/v6.11.3/lib/node_modules/yarn/lib/cli.js:764:59
      at next (native)
      at step (/Users/jussi/.nvm/versions/node/v6.11.3/lib/node_modules/yarn/lib/cli.js:92:30)
      at /Users/jussi/.nvm/versions/node/v6.11.3/lib/node_modules/yarn/lib/cli.js:103:13
